<?xml version="1.0" encoding="UTF-8"?>
<testng-results ignored="0" total="1" passed="1" failed="0" skipped="0">
  <reporter-output>
  </reporter-output>
  <suite started-at="2024-03-14T09:35:06Z" name="Default suite" finished-at="2024-03-14T09:35:11Z" duration-ms="4878">
    <groups>
    </groups>
    <test started-at="2024-03-14T09:35:06Z" name="Default test" finished-at="2024-03-14T09:35:11Z" duration-ms="4878">
      <class name="amazonTesting.AmazonHomePageTesting">
        <test-method is-config="true" signature="init()[pri:0, instance:amazonTesting.AmazonHomePageTesting@20c0a64d]" started-at="2024-03-14T15:05:06Z" name="init" finished-at="2024-03-14T15:05:06Z" duration-ms="3" status="PASS">
          <reporter-output>
          </reporter-output>
        </test-method> <!-- init -->
        <test-method is-config="true" signature="openApplication()[pri:0, instance:amazonTesting.AmazonHomePageTesting@20c0a64d]" started-at="2024-03-14T15:05:06Z" name="openApplication" finished-at="2024-03-14T15:05:08Z" duration-ms="2174" status="PASS">
          <reporter-output>
          </reporter-output>
        </test-method> <!-- openApplication -->
        <test-method is-config="true" signature="setup()[pri:0, instance:amazonTesting.AmazonHomePageTesting@20c0a64d]" started-at="2024-03-14T15:05:08Z" name="setup" finished-at="2024-03-14T15:05:08Z" duration-ms="180" status="PASS">
          <reporter-output>
          </reporter-output>
        </test-method> <!-- setup -->
        <test-method signature="verifyHomePage()[pri:0, instance:amazonTesting.AmazonHomePageTesting@20c0a64d]" started-at="2024-03-14T15:05:08Z" name="verifyHomePage" finished-at="2024-03-14T15:05:10Z" duration-ms="2312" status="PASS">
          <reporter-output>
          </reporter-output>
        </test-method> <!-- verifyHomePage -->
        <test-method is-config="true" signature="tearDown()[pri:0, instance:amazonTesting.AmazonHomePageTesting@20c0a64d]" started-at="2024-03-14T15:05:10Z" name="tearDown" finished-at="2024-03-14T15:05:11Z" duration-ms="204" status="PASS">
          <reporter-output>
          </reporter-output>
        </test-method> <!-- tearDown -->
      </class> <!-- amazonTesting.AmazonHomePageTesting -->
    </test> <!-- Default test -->
  </suite> <!-- Default suite -->
</testng-results>
